Using pre-set license
Built from '2020.3/staging' branch; Version is '2020.3.9f1 (108be757e447) revision 1084391'; Using compiler version '192528614'; Build Type 'Release'
OS: 'Windows 10 Home; OS build 19042.1052; Version 2009; 64bit' Language: 'en' Physical Memory: 16329 MB
BatchMode: 1, IsHumanControllingUs: 0, StartBugReporterOnCrash: 0, Is64bit: 1, IsPro: 0

 COMMAND LINE ARGUMENTS:
C:\Program Files\Unity\Hub\Editor\2020.3.9f1\Editor\Unity.exe
-adb2
-batchMode
-noUpm
-name
AssetImportWorker0
-projectPath
D:/Repos/Unity/chess practice
-logFile
Logs/AssetImportWorker0.log
-srvPort
55777
Successfully changed project path to: D:/Repos/Unity/chess practice
D:/Repos/Unity/chess practice
Using Asset Import Pipeline V2.
Refreshing native plugins compatible for Editor in 54.63 ms, found 1 plugins.
Preloading 0 native plugins for Editor in 0.00 ms.
Initialize engine version: 2020.3.9f1 (108be757e447)
[Subsystems] Discovering subsystems at path C:/Program Files/Unity/Hub/Editor/2020.3.9f1/Editor/Data/Resources/UnitySubsystems
[Subsystems] Discovering subsystems at path D:/Repos/Unity/chess practice/Assets
GfxDevice: creating device client; threaded=0
Direct3D:
    Version:  Direct3D 11.0 [level 11.1]
    Renderer: NVIDIA GeForce GTX 1060 3GB (ID=0x1c02)
    Vendor:   
    VRAM:     2988 MB
    Driver:   27.21.14.5655
Initialize mono
Mono path[0] = 'C:/Program Files/Unity/Hub/Editor/2020.3.9f1/Editor/Data/Managed'
Mono path[1] = 'C:/Program Files/Unity/Hub/Editor/2020.3.9f1/Editor/Data/MonoBleedingEdge/lib/mono/unityjit'
Mono config path = 'C:/Program Files/Unity/Hub/Editor/2020.3.9f1/Editor/Data/MonoBleedingEdge/etc'
Using monoOptions --debugger-agent=transport=dt_socket,embedding=1,server=y,suspend=n,address=127.0.0.1:56032
Begin MonoManager ReloadAssembly
Registering precompiled unity dll's ...
Register platform support module: C:/Program Files/Unity/Hub/Editor/2020.3.9f1/Editor/Data/PlaybackEngines/WebGLSupport/UnityEditor.WebGL.Extensions.dll
Register platform support module: C:/Program Files/Unity/Hub/Editor/2020.3.9f1/Editor/Data/PlaybackEngines/MacStandaloneSupport/UnityEditor.OSXStandalone.Extensions.dll
Register platform support module: C:/Program Files/Unity/Hub/Editor/2020.3.9f1/Editor/Data/PlaybackEngines/WindowsStandaloneSupport/UnityEditor.WindowsStandalone.Extensions.dll
Registered in 0.003591 seconds.
Native extension for WindowsStandalone target not found
Native extension for OSXStandalone target not found
Native extension for WebGL target not found
Refreshing native plugins compatible for Editor in 44.12 ms, found 1 plugins.
Preloading 0 native plugins for Editor in 0.00 ms.
Mono: successfully reloaded assembly
- Completed reload, in  1.390 seconds
Platform modules already initialized, skipping
Registering precompiled user dll's ...
Registered in 0.001064 seconds.
Begin MonoManager ReloadAssembly
Native extension for WindowsStandalone target not found
Native extension for OSXStandalone target not found
Native extension for WebGL target not found
Refreshing native plugins compatible for Editor in 40.90 ms, found 1 plugins.
Preloading 0 native plugins for Editor in 0.00 ms.
Mono: successfully reloaded assembly
- Completed reload, in  1.138 seconds
Platform modules already initialized, skipping
========================================================================
Worker process is ready to serve import requests
Launched and connected shader compiler UnityShaderCompiler.exe after 0.61 seconds
Refreshing native plugins compatible for Editor in 0.34 ms, found 1 plugins.
Preloading 0 native plugins for Editor in 0.00 ms.
Unloading 1814 Unused Serialized files (Serialized files now loaded: 0)
System memory in use before: 85.2 MB.
System memory in use after: 85.1 MB.

Unloading 24 unused Assets to reduce memory usage. Loaded Objects now: 2258.
Total: 2.743100 ms (FindLiveObjects: 0.200600 ms CreateObjectMapping: 0.131500 ms MarkObjects: 2.128400 ms  DeleteObjects: 0.281200 ms)

========================================================================
Received Import Request.
  path: Assets/ChessResponseData.cs
  artifactKey: Guid(ae53a726d75e01b439e397a7ba0518c4) Importer(815301076,1909f56bfc062723c751e8b465ee728b)
Start importing Assets/ChessResponseData.cs using Guid(ae53a726d75e01b439e397a7ba0518c4) Importer(815301076,1909f56bfc062723c751e8b465ee728b)  -> (artifact id: '34793ae499c53ac2ea092f6de6d43d47') in 0.096565 seconds
  Import took 0.101195 seconds .

========================================================================
Received Import Request.
  Time since last request: 197.290827 seconds.
  path: Assets/ChessResponseData.cs
  artifactKey: Guid(ae53a726d75e01b439e397a7ba0518c4) Importer(815301076,1909f56bfc062723c751e8b465ee728b)
Start importing Assets/ChessResponseData.cs using Guid(ae53a726d75e01b439e397a7ba0518c4) Importer(815301076,1909f56bfc062723c751e8b465ee728b)  -> (artifact id: '0c8f1b8bbe1d84630a27fc5e39da191a') in 0.016218 seconds
  Import took 0.019366 seconds .

========================================================================
Received Prepare
Registering precompiled user dll's ...
Registered in 0.001045 seconds.
Begin MonoManager ReloadAssembly
Native extension for WindowsStandalone target not found
Native extension for OSXStandalone target not found
Native extension for WebGL target not found
Refreshing native plugins compatible for Editor in 0.35 ms, found 1 plugins.
Preloading 0 native plugins for Editor in 0.00 ms.
Mono: successfully reloaded assembly
- Completed reload, in  1.216 seconds
Platform modules already initialized, skipping
Refreshing native plugins compatible for Editor in 0.36 ms, found 1 plugins.
Preloading 0 native plugins for Editor in 0.00 ms.
Unloading 1809 Unused Serialized files (Serialized files now loaded: 0)
System memory in use before: 85.1 MB.
System memory in use after: 85.1 MB.

Unloading 12 unused Assets to reduce memory usage. Loaded Objects now: 2262.
Total: 2.267900 ms (FindLiveObjects: 0.201800 ms CreateObjectMapping: 0.063400 ms MarkObjects: 1.864900 ms  DeleteObjects: 0.136800 ms)

========================================================================
Received Import Request.
  Time since last request: 34.796303 seconds.
  path: Assets/ChessResponseData.cs
  artifactKey: Guid(ae53a726d75e01b439e397a7ba0518c4) Importer(815301076,1909f56bfc062723c751e8b465ee728b)
Start importing Assets/ChessResponseData.cs using Guid(ae53a726d75e01b439e397a7ba0518c4) Importer(815301076,1909f56bfc062723c751e8b465ee728b)  -> (artifact id: 'a7eb1508750045a743c57019d00c3f3a') in 0.010562 seconds
  Import took 0.050307 seconds .

========================================================================
Received Prepare
Registering precompiled user dll's ...
Registered in 0.001067 seconds.
Begin MonoManager ReloadAssembly
Native extension for WindowsStandalone target not found
Native extension for OSXStandalone target not found
Native extension for WebGL target not found
Refreshing native plugins compatible for Editor in 0.36 ms, found 1 plugins.
Preloading 0 native plugins for Editor in 0.00 ms.
Mono: successfully reloaded assembly
- Completed reload, in  1.072 seconds
Platform modules already initialized, skipping
Refreshing native plugins compatible for Editor in 23.78 ms, found 1 plugins.
Preloading 0 native plugins for Editor in 0.00 ms.
Unloading 1809 Unused Serialized files (Serialized files now loaded: 0)
System memory in use before: 85.2 MB.
System memory in use after: 85.2 MB.

Unloading 12 unused Assets to reduce memory usage. Loaded Objects now: 2266.
Total: 2.046100 ms (FindLiveObjects: 0.236500 ms CreateObjectMapping: 0.083800 ms MarkObjects: 1.613100 ms  DeleteObjects: 0.111500 ms)

========================================================================
Received Import Request.
  Time since last request: 52.330666 seconds.
  path: Assets/ChessResponseData.cs
  artifactKey: Guid(ae53a726d75e01b439e397a7ba0518c4) Importer(815301076,1909f56bfc062723c751e8b465ee728b)
Start importing Assets/ChessResponseData.cs using Guid(ae53a726d75e01b439e397a7ba0518c4) Importer(815301076,1909f56bfc062723c751e8b465ee728b)  -> (artifact id: '40bcd0509c0174e209e99178e2f87d79') in 0.007942 seconds
  Import took 0.012101 seconds .

========================================================================
Received Import Request.
  Time since last request: 15.154146 seconds.
  path: Assets/ChessResponseData.cs
  artifactKey: Guid(ae53a726d75e01b439e397a7ba0518c4) Importer(815301076,1909f56bfc062723c751e8b465ee728b)
Start importing Assets/ChessResponseData.cs using Guid(ae53a726d75e01b439e397a7ba0518c4) Importer(815301076,1909f56bfc062723c751e8b465ee728b)  -> (artifact id: 'ff534a8b297eb9ebbda7a9d9ce6ccbf9') in 0.006943 seconds
  Import took 0.015192 seconds .

========================================================================
Received Prepare
Registering precompiled user dll's ...
Registered in 0.001443 seconds.
Begin MonoManager ReloadAssembly
Native extension for WindowsStandalone target not found
Native extension for OSXStandalone target not found
Native extension for WebGL target not found
Refreshing native plugins compatible for Editor in 0.36 ms, found 1 plugins.
Preloading 0 native plugins for Editor in 0.00 ms.
Mono: successfully reloaded assembly
- Completed reload, in  1.144 seconds
Platform modules already initialized, skipping
Refreshing native plugins compatible for Editor in 0.37 ms, found 1 plugins.
Preloading 0 native plugins for Editor in 0.00 ms.
Unloading 1809 Unused Serialized files (Serialized files now loaded: 0)
System memory in use before: 85.2 MB.
System memory in use after: 85.2 MB.

Unloading 12 unused Assets to reduce memory usage. Loaded Objects now: 2270.
Total: 1.886200 ms (FindLiveObjects: 0.170500 ms CreateObjectMapping: 0.066400 ms MarkObjects: 1.541900 ms  DeleteObjects: 0.106400 ms)

========================================================================
Received Prepare
Registering precompiled user dll's ...
Registered in 0.001101 seconds.
Begin MonoManager ReloadAssembly
Native extension for WindowsStandalone target not found
Native extension for OSXStandalone target not found
Native extension for WebGL target not found
Refreshing native plugins compatible for Editor in 0.37 ms, found 1 plugins.
Preloading 0 native plugins for Editor in 0.00 ms.
Mono: successfully reloaded assembly
- Completed reload, in  1.196 seconds
Platform modules already initialized, skipping
Refreshing native plugins compatible for Editor in 0.46 ms, found 1 plugins.
Preloading 0 native plugins for Editor in 0.00 ms.
Unloading 1809 Unused Serialized files (Serialized files now loaded: 0)
System memory in use before: 85.2 MB.
System memory in use after: 85.2 MB.

Unloading 12 unused Assets to reduce memory usage. Loaded Objects now: 2274.
Total: 2.056600 ms (FindLiveObjects: 0.183100 ms CreateObjectMapping: 0.072900 ms MarkObjects: 1.634000 ms  DeleteObjects: 0.165200 ms)

========================================================================
Received Import Request.
  Time since last request: 325.551362 seconds.
  path: Assets/ChessResponseData.cs
  artifactKey: Guid(ae53a726d75e01b439e397a7ba0518c4) Importer(815301076,1909f56bfc062723c751e8b465ee728b)
Start importing Assets/ChessResponseData.cs using Guid(ae53a726d75e01b439e397a7ba0518c4) Importer(815301076,1909f56bfc062723c751e8b465ee728b)  -> (artifact id: '7781255a09e3be97aa340ca088a59b9e') in 0.004882 seconds
  Import took 0.009065 seconds .

========================================================================
Received Import Request.
  Time since last request: 69.175568 seconds.
  path: Assets/ChessResponseData.cs
  artifactKey: Guid(ae53a726d75e01b439e397a7ba0518c4) Importer(815301076,1909f56bfc062723c751e8b465ee728b)
Start importing Assets/ChessResponseData.cs using Guid(ae53a726d75e01b439e397a7ba0518c4) Importer(815301076,1909f56bfc062723c751e8b465ee728b)  -> (artifact id: 'c96d3fe668ed8ff44a1d42d8003f3a24') in 0.032038 seconds
  Import took 0.036788 seconds .

========================================================================
Received Prepare
Registering precompiled user dll's ...
Registered in 0.007845 seconds.
Begin MonoManager ReloadAssembly
Native extension for WindowsStandalone target not found
Native extension for OSXStandalone target not found
Native extension for WebGL target not found
Refreshing native plugins compatible for Editor in 0.37 ms, found 1 plugins.
Preloading 0 native plugins for Editor in 0.00 ms.
Mono: successfully reloaded assembly
- Completed reload, in  1.090 seconds
Platform modules already initialized, skipping
Refreshing native plugins compatible for Editor in 0.44 ms, found 1 plugins.
Preloading 0 native plugins for Editor in 0.00 ms.
Unloading 1809 Unused Serialized files (Serialized files now loaded: 0)
System memory in use before: 85.2 MB.
System memory in use after: 85.2 MB.

Unloading 12 unused Assets to reduce memory usage. Loaded Objects now: 2278.
Total: 2.161600 ms (FindLiveObjects: 0.155400 ms CreateObjectMapping: 0.055500 ms MarkObjects: 1.811100 ms  DeleteObjects: 0.138300 ms)

========================================================================
Received Import Request.
  Time since last request: 33.235334 seconds.
  path: Assets/ChessResponseData.cs
  artifactKey: Guid(ae53a726d75e01b439e397a7ba0518c4) Importer(815301076,1909f56bfc062723c751e8b465ee728b)
Start importing Assets/ChessResponseData.cs using Guid(ae53a726d75e01b439e397a7ba0518c4) Importer(815301076,1909f56bfc062723c751e8b465ee728b)  -> (artifact id: 'f66151eeeff760a48b7992e338fed182') in 0.004674 seconds
  Import took 0.022190 seconds .

========================================================================
Received Prepare
Registering precompiled user dll's ...
Registered in 0.001065 seconds.
Begin MonoManager ReloadAssembly
Native extension for WindowsStandalone target not found
Native extension for OSXStandalone target not found
Native extension for WebGL target not found
Refreshing native plugins compatible for Editor in 0.60 ms, found 1 plugins.
Preloading 0 native plugins for Editor in 0.00 ms.
Mono: successfully reloaded assembly
- Completed reload, in  1.071 seconds
Platform modules already initialized, skipping
Refreshing native plugins compatible for Editor in 0.38 ms, found 1 plugins.
Preloading 0 native plugins for Editor in 0.00 ms.
Unloading 1809 Unused Serialized files (Serialized files now loaded: 0)
System memory in use before: 85.2 MB.
System memory in use after: 85.2 MB.

Unloading 12 unused Assets to reduce memory usage. Loaded Objects now: 2282.
Total: 2.044700 ms (FindLiveObjects: 0.172800 ms CreateObjectMapping: 0.064100 ms MarkObjects: 1.682100 ms  DeleteObjects: 0.124400 ms)

========================================================================
Received Import Request.
  Time since last request: 52.729603 seconds.
  path: Assets/ChessResponseData.cs
  artifactKey: Guid(ae53a726d75e01b439e397a7ba0518c4) Importer(815301076,1909f56bfc062723c751e8b465ee728b)
Start importing Assets/ChessResponseData.cs using Guid(ae53a726d75e01b439e397a7ba0518c4) Importer(815301076,1909f56bfc062723c751e8b465ee728b)  -> (artifact id: 'edadeaa72c2fa3f4830dfad2ad382b5f') in 0.004633 seconds
  Import took 0.007412 seconds .

========================================================================
Received Prepare
Registering precompiled user dll's ...
Registered in 0.001065 seconds.
Begin MonoManager ReloadAssembly
Native extension for WindowsStandalone target not found
Native extension for OSXStandalone target not found
Native extension for WebGL target not found
Refreshing native plugins compatible for Editor in 0.39 ms, found 1 plugins.
Preloading 0 native plugins for Editor in 0.00 ms.
Mono: successfully reloaded assembly
- Completed reload, in  1.011 seconds
Platform modules already initialized, skipping
Refreshing native plugins compatible for Editor in 0.61 ms, found 1 plugins.
Preloading 0 native plugins for Editor in 0.00 ms.
Unloading 1809 Unused Serialized files (Serialized files now loaded: 0)
System memory in use before: 85.3 MB.
System memory in use after: 85.2 MB.

Unloading 12 unused Assets to reduce memory usage. Loaded Objects now: 2286.
Total: 2.168700 ms (FindLiveObjects: 0.173100 ms CreateObjectMapping: 0.063400 ms MarkObjects: 1.775900 ms  DeleteObjects: 0.155200 ms)

========================================================================
Received Import Request.
  Time since last request: 716.383620 seconds.
  path: Assets/ChessResponseData.cs
  artifactKey: Guid(ae53a726d75e01b439e397a7ba0518c4) Importer(815301076,1909f56bfc062723c751e8b465ee728b)
Start importing Assets/ChessResponseData.cs using Guid(ae53a726d75e01b439e397a7ba0518c4) Importer(815301076,1909f56bfc062723c751e8b465ee728b)  -> (artifact id: '56377f891616b52126ea2118b2fc8300') in 0.017973 seconds
  Import took 0.023294 seconds .

========================================================================
Received Prepare
Registering precompiled user dll's ...
Registered in 0.001035 seconds.
Begin MonoManager ReloadAssembly
Native extension for WindowsStandalone target not found
Native extension for OSXStandalone target not found
Native extension for WebGL target not found
Refreshing native plugins compatible for Editor in 0.35 ms, found 1 plugins.
Preloading 0 native plugins for Editor in 0.00 ms.
Mono: successfully reloaded assembly
- Completed reload, in  1.068 seconds
Platform modules already initialized, skipping
Refreshing native plugins compatible for Editor in 0.38 ms, found 1 plugins.
Preloading 0 native plugins for Editor in 0.00 ms.
Unloading 1809 Unused Serialized files (Serialized files now loaded: 0)
System memory in use before: 85.3 MB.
System memory in use after: 85.2 MB.

Unloading 12 unused Assets to reduce memory usage. Loaded Objects now: 2290.
Total: 2.124200 ms (FindLiveObjects: 0.167800 ms CreateObjectMapping: 0.063700 ms MarkObjects: 1.748900 ms  DeleteObjects: 0.143000 ms)

========================================================================
Received Prepare
Registering precompiled user dll's ...
Registered in 0.001042 seconds.
Begin MonoManager ReloadAssembly
Native extension for WindowsStandalone target not found
Native extension for OSXStandalone target not found
Native extension for WebGL target not found
Refreshing native plugins compatible for Editor in 0.36 ms, found 1 plugins.
Preloading 0 native plugins for Editor in 0.00 ms.
Mono: successfully reloaded assembly
- Completed reload, in  1.009 seconds
Platform modules already initialized, skipping
Refreshing native plugins compatible for Editor in 0.79 ms, found 1 plugins.
Preloading 0 native plugins for Editor in 0.00 ms.
Unloading 1809 Unused Serialized files (Serialized files now loaded: 0)
System memory in use before: 85.3 MB.
System memory in use after: 85.2 MB.

Unloading 12 unused Assets to reduce memory usage. Loaded Objects now: 2294.
Total: 2.256400 ms (FindLiveObjects: 0.162000 ms CreateObjectMapping: 0.060900 ms MarkObjects: 1.891400 ms  DeleteObjects: 0.141100 ms)

========================================================================
Received Import Request.
  Time since last request: 1070.911710 seconds.
  path: Assets/ChessResponseData.cs
  artifactKey: Guid(ae53a726d75e01b439e397a7ba0518c4) Importer(815301076,1909f56bfc062723c751e8b465ee728b)
Start importing Assets/ChessResponseData.cs using Guid(ae53a726d75e01b439e397a7ba0518c4) Importer(815301076,1909f56bfc062723c751e8b465ee728b)  -> (artifact id: 'dc41bf53a40e2c77afa022cfbcc41b05') in 0.005117 seconds
  Import took 0.007827 seconds .

========================================================================
Received Prepare
Registering precompiled user dll's ...
Registered in 0.001039 seconds.
Begin MonoManager ReloadAssembly
Native extension for WindowsStandalone target not found
Native extension for OSXStandalone target not found
Native extension for WebGL target not found
Refreshing native plugins compatible for Editor in 0.36 ms, found 1 plugins.
Preloading 0 native plugins for Editor in 0.00 ms.
Mono: successfully reloaded assembly
- Completed reload, in  0.961 seconds
Platform modules already initialized, skipping
Refreshing native plugins compatible for Editor in 0.37 ms, found 1 plugins.
Preloading 0 native plugins for Editor in 0.00 ms.
Unloading 1809 Unused Serialized files (Serialized files now loaded: 0)
System memory in use before: 85.3 MB.
System memory in use after: 85.3 MB.

Unloading 12 unused Assets to reduce memory usage. Loaded Objects now: 2298.
Total: 2.139100 ms (FindLiveObjects: 0.160200 ms CreateObjectMapping: 0.059700 ms MarkObjects: 1.777500 ms  DeleteObjects: 0.140500 ms)

========================================================================
Received Prepare
Registering precompiled user dll's ...
Registered in 0.001742 seconds.
Begin MonoManager ReloadAssembly
Native extension for WindowsStandalone target not found
Native extension for OSXStandalone target not found
Native extension for WebGL target not found
Refreshing native plugins compatible for Editor in 0.36 ms, found 1 plugins.
Preloading 0 native plugins for Editor in 0.00 ms.
Mono: successfully reloaded assembly
- Completed reload, in  1.087 seconds
Platform modules already initialized, skipping
Refreshing native plugins compatible for Editor in 0.35 ms, found 1 plugins.
Preloading 0 native plugins for Editor in 0.00 ms.
Unloading 1809 Unused Serialized files (Serialized files now loaded: 0)
System memory in use before: 85.3 MB.
System memory in use after: 85.3 MB.

Unloading 12 unused Assets to reduce memory usage. Loaded Objects now: 2302.
Total: 1.990100 ms (FindLiveObjects: 0.200400 ms CreateObjectMapping: 0.073700 ms MarkObjects: 1.608100 ms  DeleteObjects: 0.107000 ms)

========================================================================
Received Prepare
Registering precompiled user dll's ...
Registered in 0.001105 seconds.
Begin MonoManager ReloadAssembly
Native extension for WindowsStandalone target not found
Native extension for OSXStandalone target not found
Native extension for WebGL target not found
Refreshing native plugins compatible for Editor in 0.36 ms, found 1 plugins.
Preloading 0 native plugins for Editor in 0.00 ms.
Mono: successfully reloaded assembly
- Completed reload, in  1.131 seconds
Platform modules already initialized, skipping
Refreshing native plugins compatible for Editor in 0.40 ms, found 1 plugins.
Preloading 0 native plugins for Editor in 0.00 ms.
Unloading 1809 Unused Serialized files (Serialized files now loaded: 0)
System memory in use before: 85.3 MB.
System memory in use after: 85.3 MB.

Unloading 12 unused Assets to reduce memory usage. Loaded Objects now: 2306.
Total: 3.437800 ms (FindLiveObjects: 0.229900 ms CreateObjectMapping: 0.121400 ms MarkObjects: 2.955200 ms  DeleteObjects: 0.129100 ms)

AssetImportWorkerClient::OnTransportError - code=2 error=End of file
